<?xml version="1.0" encoding="UTF-8"?>
<coverage generated="1730636466902" clover="3.2.0">
  <project timestamp="1730636466902" name="All files">
    <metrics statements="17" coveredstatements="17" conditionals="1" coveredconditionals="1" methods="7" coveredmethods="7" elements="25" coveredelements="25" complexity="0" loc="17" ncloc="17" packages="1" files="1" classes="1"/>
    <file name="take.service.ts" path="D:\WorkSpaces\VisualStudio_Code\Angular Practice\Angular18\AngularWithJest\src\app\services\take.service.ts">
      <metrics statements="17" coveredstatements="17" conditionals="1" coveredconditionals="1" methods="7" coveredmethods="7"/>
      <line num="1" count="1" type="stmt"/>
      <line num="2" count="1" type="stmt"/>
      <line num="3" count="1" type="stmt"/>
      <line num="8" count="1" type="stmt"/>
      <line num="12" count="6" type="stmt"/>
      <line num="16" count="1" type="stmt"/>
      <line num="17" count="1" type="stmt"/>
      <line num="21" count="2" type="stmt"/>
      <line num="22" count="2" type="stmt"/>
      <line num="23" count="1" type="stmt"/>
      <line num="29" count="1" type="stmt"/>
      <line num="30" count="1" type="stmt"/>
      <line num="35" count="1" type="stmt"/>
      <line num="39" count="3" type="stmt"/>
      <line num="40" count="3" type="stmt"/>
      <line num="42" count="1" type="stmt"/>
      <line num="44" count="1" type="stmt"/>
    </file>
  </project>
</coverage>
