{"D:\\WorkSpaces\\VisualStudio_Code\\Angular Practice\\Angular18\\AngularWithJest\\src\\app\\services\\take.service.ts": {"path":"D:\\WorkSpaces\\VisualStudio_Code\\Angular Practice\\Angular18\\AngularWithJest\\src\\app\\services\\take.service.ts","statementMap":{"0":{"start":{"line":1,"column":0},"end":{"line":1,"column":82}},"1":{"start":{"line":2,"column":0},"end":{"line":2,"column":43}},"2":{"start":{"line":3,"column":0},"end":{"line":3,"column":51}},"3":{"start":{"line":12,"column":12},"end":{"line":12,"column":27}},"4":{"start":{"line":16,"column":16},"end":{"line":16,"column":62}},"5":{"start":{"line":17,"column":4},"end":{"line":17,"column":30}},"6":{"start":{"line":21,"column":16},"end":{"line":21,"column":62}},"7":{"start":{"line":22,"column":4},"end":{"line":25,"column":6}},"8":{"start":{"line":23,"column":18},"end":{"line":23,"column":35}},"9":{"start":{"line":29,"column":16},"end":{"line":29,"column":62}},"10":{"start":{"line":30,"column":24},"end":{"line":34,"column":null}},"11":{"start":{"line":35,"column":4},"end":{"line":35,"column":50}},"12":{"start":{"line":39,"column":4},"end":{"line":39,"column":29}},"13":{"start":{"line":40,"column":4},"end":{"line":45,"column":null}},"14":{"start":{"line":42,"column":22},"end":{"line":42,"column":87}},"15":{"start":{"line":44,"column":6},"end":{"line":44,"column":57}},"16":{"start":{"line":8,"column":13},"end":{"line":8,"column":24}},"17":{"start":{"line":8,"column":13},"end":{"line":47,"column":null}}},"fnMap":{"0":{"name":"(anonymous_0)","decl":{"start":{"line":11,"column":2},"end":{"line":11,"column":null}},"loc":{"start":{"line":12,"column":27},"end":{"line":13,"column":7}}},"1":{"name":"(anonymous_1)","decl":{"start":{"line":15,"column":2},"end":{"line":15,"column":11}},"loc":{"start":{"line":15,"column":11},"end":{"line":18,"column":3}}},"2":{"name":"(anonymous_2)","decl":{"start":{"line":20,"column":2},"end":{"line":20,"column":11}},"loc":{"start":{"line":20,"column":11},"end":{"line":26,"column":3}}},"3":{"name":"(anonymous_3)","decl":{"start":{"line":23,"column":10},"end":{"line":23,"column":14}},"loc":{"start":{"line":23,"column":18},"end":{"line":23,"column":35}}},"4":{"name":"(anonymous_4)","decl":{"start":{"line":28,"column":2},"end":{"line":28,"column":12}},"loc":{"start":{"line":28,"column":22},"end":{"line":36,"column":3}}},"5":{"name":"(anonymous_5)","decl":{"start":{"line":38,"column":10},"end":{"line":38,"column":21}},"loc":{"start":{"line":38,"column":48},"end":{"line":46,"column":3}}},"6":{"name":"(anonymous_6)","decl":{"start":{"line":40,"column":11},"end":{"line":40,"column":12}},"loc":{"start":{"line":40,"column":55},"end":{"line":45,"column":5}}}},"branchMap":{"0":{"loc":{"start":{"line":38,"column":25},"end":{"line":38,"column":48}},"type":"default-arg","locations":[{"start":{"line":38,"column":37},"end":{"line":38,"column":48}}]}},"s":{"0":1,"1":1,"2":1,"3":6,"4":1,"5":1,"6":2,"7":2,"8":1,"9":1,"10":1,"11":1,"12":3,"13":3,"14":1,"15":1,"16":1,"17":1},"f":{"0":6,"1":1,"2":2,"3":1,"4":1,"5":3,"6":1},"b":{"0":[1]}}
}
