TN:
SF:src\app\services\take.service.ts
FN:11,(anonymous_0)
FN:15,(anonymous_1)
FN:20,(anonymous_2)
FN:23,(anonymous_3)
FN:28,(anonymous_4)
FN:38,(anonymous_5)
FN:40,(anonymous_6)
FNF:7
FNH:7
FNDA:6,(anonymous_0)
FNDA:1,(anonymous_1)
FNDA:2,(anonymous_2)
FNDA:1,(anonymous_3)
FNDA:1,(anonymous_4)
FNDA:3,(anonymous_5)
FNDA:1,(anonymous_6)
DA:1,1
DA:2,1
DA:3,1
DA:8,1
DA:12,6
DA:16,1
DA:17,1
DA:21,2
DA:22,2
DA:23,1
DA:29,1
DA:30,1
DA:35,1
DA:39,3
DA:40,3
DA:42,1
DA:44,1
LF:17
LH:17
BRDA:38,0,0,1
BRF:1
BRH:1
end_of_record
